[Licensing::Module] Trying to connect to existing licensing client channel...
Built from '6000.3/staging' branch; Version is '6000.3.10f1 (e35f0c77bd8e) revision 14901004'; Using compiler version '194234433'; Build Type 'Release'
[Licensing::IpcConnector] Successfully connected to: "LicenseClient-USER" at "2026-05-18T06:24:36.9813489Z"
OS: 'Windows 11  (10.0.26200) Professional' Language: 'en' Physical Memory: 32595 MB
BatchMode: 1, IsHumanControllingUs: 0, StartBugReporterOnCrash: 0, Is64bit: 1
System  architecture: x64
Process architecture: x64
Date: 2026-05-18T06:24:36Z

COMMAND LINE ARGUMENTS:
D:\Unity\Editor\6000.3.10f1\Editor\Unity.exe
-adb2
-batchMode
-noUpm
-name
AssetImportWorker1
-projectPath
D:/Chemistry_Lab/Kotha_lab/3D Laboratory Environment with Appratus
-logFile
Logs/AssetImportWorker1.log
-srvPort
58981
-licensingIpc
LicenseClient-USER
-job-worker-count
5
-background-job-worker-count
8
-gc-helper-count
1
-name
AssetImport
Successfully changed project path to: D:/Chemistry_Lab/Kotha_lab/3D Laboratory Environment with Appratus
D:/Chemistry_Lab/Kotha_lab/3D Laboratory Environment with Appratus
[UnityMemory] Configuration Parameters - Can be set up in boot.config
    "memorysetup-temp-allocator-size-nav-mesh-worker=65536"
    "memorysetup-temp-allocator-size-audio-worker=65536"
    "memorysetup-temp-allocator-size-gfx=262144"
    "memorysetup-allocator-temp-initial-block-size-main=262144"
    "memorysetup-allocator-temp-initial-block-size-worker=262144"
    "memorysetup-temp-allocator-size-background-worker=32768"
    "memorysetup-temp-allocator-size-job-worker=262144"
    "memorysetup-temp-allocator-size-preload-manager=33554432"
    "memorysetup-temp-allocator-size-gi-baking-worker=262144"
    "memorysetup-temp-allocator-size-gi-baking-worker=262144"
    "memorysetup-temp-allocator-size-gi-baking-worker=262144"
    "memorysetup-temp-allocator-size-gi-baking-worker=262144"
    "memorysetup-temp-allocator-size-gi-baking-worker=262144"
    "memorysetup-bucket-allocator-granularity=16"
    "memorysetup-bucket-allocator-bucket-count=8"
    "memorysetup-bucket-allocator-block-size=33554432"
    "memorysetup-bucket-allocator-block-count=8"
    "memorysetup-main-allocator-block-size=16777216"
    "memorysetup-thread-allocator-block-size=16777216"
    "memorysetup-gfx-main-allocator-block-size=16777216"
    "memorysetup-gfx-thread-allocator-block-size=16777216"
    "memorysetup-cache-allocator-block-size=4194304"
    "memorysetup-typetree-allocator-block-size=2097152"
    "memorysetup-profiler-bucket-allocator-granularity=16"
    "memorysetup-profiler-bucket-allocator-bucket-count=8"
    "memorysetup-profiler-bucket-allocator-block-size=33554432"
    "memorysetup-profiler-bucket-allocator-block-count=8"
    "memorysetup-profiler-allocator-block-size=16777216"
    "memorysetup-profiler-editor-allocator-block-size=1048576"
    "memorysetup-temp-allocator-size-main=16777216"
    "memorysetup-job-temp-allocator-block-size=2097152"
    "memorysetup-job-temp-allocator-block-size-background=1048576"
    "memorysetup-job-temp-allocator-reduction-small-platforms=262144"
    "memorysetup-temp-allocator-size-cloud-worker=32768"
Player connection [10396]  Target information:

Player connection [10396]  * "[IP] 172.17.31.41 [Port] 0 [Flags] 2 [Guid] 1281650699 [EditorId] 1281650699 [Version] 1048832 [Id] WindowsEditor(7,CRLCXR-L508-20) [Debug] 1 [PackageName] WindowsEditor [ProjectName] Editor" 

Player connection [10396] Host joined multi-casting on [225.0.0.222:54997]...
Player connection [10396] Host joined alternative multi-casting on [225.0.0.222:34997]...
JobSystem: Creating JobQueue using job-worker-count value 5
Input System module state changed to: Initialized.
[Physics::Module] Initialized fallback backend.
[Physics::Module] Id: 0xdecafbad
Library Redirect Path: Library/
[Physics::Module] Selected backend.
[Physics::Module] Name: PhysX
[Physics::Module] Id: 0xf2b8ea05
[Physics::Module] SDK Version: 4.1.2
[Physics::Module] Integration Version: 1.0.0
[Physics::Module] Threading Mode: Multi-Threaded
Refreshing native plugins compatible for Editor in 0.00 ms, found 0 plugins.
Preloading 0 native plugins for Editor in 0.00 ms.
Initialize engine version: 6000.3.10f1 (e35f0c77bd8e)
[Subsystems] Discovering subsystems at path D:/Unity/Editor/6000.3.10f1/Editor/Data/Resources/UnitySubsystems
[Subsystems] Discovering subsystems at path D:/Chemistry_Lab/Kotha_lab/3D Laboratory Environment with Appratus/Assets
GfxDevice: creating device client; kGfxThreadingModeNonThreaded
Direct3D:
    Version:  Direct3D 11.0 [level 11.1]
    Renderer: Intel(R) UHD Graphics P630 (ID=0x3e96)
    Vendor:   Intel
    VRAM:     16297 MB
    Driver:   30.0.100.9864
Initialize mono
Mono path[0] = 'D:/Unity/Editor/6000.3.10f1/Editor/Data/Managed'
Mono path[1] = 'D:/Unity/Editor/6000.3.10f1/Editor/Data/MonoBleedingEdge/lib/mono/unityjit-win32'
Mono config path = 'D:/Unity/Editor/6000.3.10f1/Editor/Data/MonoBleedingEdge/etc'
Using monoOptions --debugger-agent=transport=dt_socket,embedding=1,server=y,suspend=n,address=127.0.0.1:56144
Begin MonoManager ReloadAssembly
Registering precompiled unity dll's ...
Register platform support module: D:/Unity/Editor/6000.3.10f1/Editor/Data/PlaybackEngines/WindowsStandaloneSupport/UnityEditor.WindowsStandalone.Extensions.dll
Registered in 0.001416 seconds.
- Loaded All Assemblies, in  0.648 seconds
Native extension for WindowsStandalone target not found
ScheduleIndexationOnStartup MainProcess:False IndexOnStartup:True
Mono: successfully reloaded assembly
- Finished resetting the current domain, in  0.742 seconds
Domain Reload Profiling: 1390ms
	BeginReloadAssembly (184ms)
		ExecutionOrderSort (0ms)
		DisableScriptedObjects (0ms)
		BackupInstance (0ms)
		ReleaseScriptingObjects (0ms)
		CreateAndSetChildDomain (1ms)
	RebuildCommonClasses (66ms)
	RebuildNativeTypeToScriptingClass (22ms)
	initialDomainReloadingComplete (62ms)
	LoadAllAssembliesAndSetupDomain (314ms)
		LoadAssemblies (182ms)
		RebuildTransferFunctionScriptingTraits (0ms)
		AnalyzeDomain (309ms)
			TypeCache.Refresh (305ms)
				TypeCache.ScanAssembly (283ms)
			BuildScriptInfoCaches (0ms)
			ResolveRequiredComponents (1ms)
	FinalizeReload (743ms)
		ReleaseScriptCaches (0ms)
		RebuildScriptCaches (0ms)
		SetupLoadedEditorAssemblies (680ms)
			LogAssemblyErrors (0ms)
			InitializePlatformSupportModulesInManaged (76ms)
			SetLoadedEditorAssemblies (6ms)
			BeforeProcessingInitializeOnLoad (177ms)
			ProcessInitializeOnLoadAttributes (293ms)
			ProcessInitializeOnLoadMethodAttributes (127ms)
			AfterProcessingInitializeOnLoad (0ms)
			EditorAssembliesLoaded (0ms)
		ExecutionOrderSort2 (0ms)
		AwakeInstancesAfterBackupRestoration (0ms)
========================================================================
Worker process is ready to serve import requests
Import Worker Mode flag is 0x00
Begin MonoManager ReloadAssembly
[Licensing::Module] Licensing is not yet initialized.
[Licensing::Client] Handshaking with LicensingClient:
  Version:                 1.17.4+4293ba1
  Session Id:              8e092b20d4984d9988333702e8304dd4
  Correlation Id:          169c7f7b1662b893cea63dc02a61e51a
  External correlation Id: 3422133482964950158
  Machine Id:              x3AOiUowXN9Z7wLa3EsDRF2WyRw=
[Licensing::Module] Successfully connected to LicensingClient on channel: "LicenseClient-USER" (connect: 0.00s, validation: 0.00s, handshake: 3.67s)
[Licensing::IpcConnector] Successfully connected to: "LicenseClient-USER-notifications" at "2026-05-18T06:24:40.6538217Z"
[Licensing::Module] Licensing Background thread has ended after 3.67s
[Licensing::Module] Licensing is initialized (took 1.76s).
[Licensing::Client] Successfully resolved entitlement details
[Licensing::Module] License group:
  Id: F4-9NXS-JD5S-KC4M-T822-XXXX
  Product: Unity Personal
  Type: ULF
  Expiration: 2026-06-24T07:24:28Z
[Licensing::Module] License group:
  Id: 13469920211157-UnityPersXXXX
  Product: Unity Personal
  Type: Assigned
  Expiration: Unlimited
- Loaded All Assemblies, in  2.132 seconds
Refreshing native plugins compatible for Editor in 0.00 ms, found 0 plugins.
Native extension for WindowsStandalone target not found
ScheduleIndexationOnStartup MainProcess:False IndexOnStartup:True
Mono: successfully reloaded assembly
- Finished resetting the current domain, in  0.597 seconds
Domain Reload Profiling: 2730ms
	BeginReloadAssembly (2017ms)
		ExecutionOrderSort (0ms)
		DisableScriptedObjects (8ms)
		BackupInstance (0ms)
		ReleaseScriptingObjects (0ms)
		CreateAndSetChildDomain (48ms)
	RebuildCommonClasses (54ms)
	RebuildNativeTypeToScriptingClass (19ms)
	initialDomainReloadingComplete (24ms)
	LoadAllAssembliesAndSetupDomain (18ms)
		LoadAssemblies (136ms)
		RebuildTransferFunctionScriptingTraits (0ms)
		AnalyzeDomain (14ms)
			TypeCache.Refresh (9ms)
				TypeCache.ScanAssembly (3ms)
			BuildScriptInfoCaches (1ms)
			ResolveRequiredComponents (1ms)
	FinalizeReload (598ms)
		ReleaseScriptCaches (0ms)
		RebuildScriptCaches (0ms)
		SetupLoadedEditorAssemblies (450ms)
			LogAssemblyErrors (0ms)
			InitializePlatformSupportModulesInManaged (3ms)
			SetLoadedEditorAssemblies (6ms)
			BeforeProcessingInitializeOnLoad (169ms)
			ProcessInitializeOnLoadAttributes (207ms)
			ProcessInitializeOnLoadMethodAttributes (62ms)
			AfterProcessingInitializeOnLoad (3ms)
			EditorAssembliesLoaded (0ms)
		ExecutionOrderSort2 (0ms)
		AwakeInstancesAfterBackupRestoration (11ms)
Launched and connected shader compiler UnityShaderCompiler.exe after 0.02 seconds
Refreshing native plugins compatible for Editor in 0.00 ms, found 0 plugins.
Preloading 0 native plugins for Editor in 0.00 ms.
Unloading 0 Unused Serialized files (Serialized files now loaded: 0)
Unloading 64 unused Assets / (28.5 KB). Loaded Objects now: 655.
Memory consumption went from 63.3 MB to 63.2 MB.
Total: 5.472600 ms (FindLiveObjects: 0.076200 ms CreateObjectMapping: 0.009300 ms MarkObjects: 5.311800 ms  DeleteObjects: 0.074500 ms)

========================================================================
Received Import Request.
  Time since last request: 268191.753518 seconds.
  path: Assets/3D Laboratory Environment with Appratus/Materials
  artifactKey: Guid(ae6c648b873ff744193d6b0c33d191df) Importer(2089858483,b0f066a214c2f5e87bad3c948f4d605d)
Start importing Assets/3D Laboratory Environment with Appratus/Materials using Guid(ae6c648b873ff744193d6b0c33d191df) Importer(2089858483,b0f066a214c2f5e87bad3c948f4d605d) (ScriptedImporter) -> (artifact id: '0318bd4c1fd7ee0d334ab5a176b9b42b') in 0.0660499 seconds
Number of updated asset objects reloaded before import = 0Number of asset objects unloaded after import = 1

========================================================================
Received Import Request.
  Time since last request: 0.000026 seconds.
  path: Assets/3D Laboratory Environment with Appratus/Prefabs/Beaker.prefab
  artifactKey: Guid(1836ec5a4a9706d42b8941d84940196f) Importer(2089858483,b0f066a214c2f5e87bad3c948f4d605d)
Start importing Assets/3D Laboratory Environment with Appratus/Prefabs/Beaker.prefab using Guid(1836ec5a4a9706d42b8941d84940196f) Importer(2089858483,b0f066a214c2f5e87bad3c948f4d605d) (ScriptedImporter) -> (artifact id: 'a9405ecc74a61d643c19140653d98951') in 0.1411147 seconds
Number of updated asset objects reloaded before import = 0Number of asset objects unloaded after import = 9

========================================================================
Received Import Request.
  Time since last request: 0.000048 seconds.
  path: Assets/3D Laboratory Environment with Appratus/Prefabs/Graduated_Cylinder with liquid.prefab
  artifactKey: Guid(1facb00fc6b330b4590ed152a3aadcd3) Importer(2089858483,b0f066a214c2f5e87bad3c948f4d605d)
Start importing Assets/3D Laboratory Environment with Appratus/Prefabs/Graduated_Cylinder with liquid.prefab using Guid(1facb00fc6b330b4590ed152a3aadcd3) Importer(2089858483,b0f066a214c2f5e87bad3c948f4d605d) (ScriptedImporter) -> (artifact id: '1e88e45bfa824cff2093799990f33c4d') in 0.0286778 seconds
Number of updated asset objects reloaded before import = 0Number of asset objects unloaded after import = 15

========================================================================
Received Import Request.
  Time since last request: 0.000034 seconds.
  path: Assets/3D Laboratory Environment with Appratus/Models/shelf showcase.fbx
  artifactKey: Guid(91d1246072ac1f94c892178ad7887d8c) Importer(2089858483,b0f066a214c2f5e87bad3c948f4d605d)
Start importing Assets/3D Laboratory Environment with Appratus/Models/shelf showcase.fbx using Guid(91d1246072ac1f94c892178ad7887d8c) Importer(2089858483,b0f066a214c2f5e87bad3c948f4d605d) (ScriptedImporter) -> (artifact id: 'a9c859804f8b964351bc73c04d1fc1fb') in 0.060591 seconds
Number of updated asset objects reloaded before import = 0Number of asset objects unloaded after import = 8

========================================================================
Received Import Request.
  Time since last request: 0.000024 seconds.
  path: Assets/3D Laboratory Environment with Appratus/Materials/roof and blub_other02_BaseMap.mat
  artifactKey: Guid(3b92f9721b48ca749ad0da0028d7fab5) Importer(2089858483,b0f066a214c2f5e87bad3c948f4d605d)
Start importing Assets/3D Laboratory Environment with Appratus/Materials/roof and blub_other02_BaseMap.mat using Guid(3b92f9721b48ca749ad0da0028d7fab5) Importer(2089858483,b0f066a214c2f5e87bad3c948f4d605d) (ScriptedImporter) -> (artifact id: '34e9755a29d9a7864fb4e704100c3f0f') in 0.1262725 seconds
Number of updated asset objects reloaded before import = 0Number of asset objects unloaded after import = 4

========================================================================
Received Import Request.
  Time since last request: 0.000028 seconds.
  path: Assets/3D Laboratory Environment with Appratus/Prefabs/wall01.prefab
  artifactKey: Guid(90dbb427ac5963541b1cdbc7520999e3) Importer(2089858483,b0f066a214c2f5e87bad3c948f4d605d)
Start importing Assets/3D Laboratory Environment with Appratus/Prefabs/wall01.prefab using Guid(90dbb427ac5963541b1cdbc7520999e3) Importer(2089858483,b0f066a214c2f5e87bad3c948f4d605d) (ScriptedImporter) -> (artifact id: '1fe6ae4a03485eb0dc0653ec4cde580a') in 0.0257682 seconds
Number of updated asset objects reloaded before import = 0Number of asset objects unloaded after import = 9

========================================================================
Received Import Request.
  Time since last request: 0.000136 seconds.
  path: Assets/3D Laboratory Environment with Appratus/Models/china dish.fbx
  artifactKey: Guid(f0ab5f518a39b5e40a973ef5bbb25921) Importer(2089858483,b0f066a214c2f5e87bad3c948f4d605d)
Start importing Assets/3D Laboratory Environment with Appratus/Models/china dish.fbx using Guid(f0ab5f518a39b5e40a973ef5bbb25921) Importer(2089858483,b0f066a214c2f5e87bad3c948f4d605d) (ScriptedImporter) -> (artifact id: '230bce6231217df907368ea48f7c41fb') in 0.0266831 seconds
Number of updated asset objects reloaded before import = 0Number of asset objects unloaded after import = 8

========================================================================
Received Import Request.
  Time since last request: 0.000062 seconds.
  path: Assets/3D Laboratory Environment with Appratus/Models/glass_funnel.fbx
  artifactKey: Guid(98b82dfb9bbe8a04ca7f7f1980e08f8c) Importer(2089858483,b0f066a214c2f5e87bad3c948f4d605d)
Start importing Assets/3D Laboratory Environment with Appratus/Models/glass_funnel.fbx using Guid(98b82dfb9bbe8a04ca7f7f1980e08f8c) Importer(2089858483,b0f066a214c2f5e87bad3c948f4d605d) (ScriptedImporter) -> (artifact id: '4182df46f019d3906250bf50ba823544') in 0.0292885 seconds
Number of updated asset objects reloaded before import = 0Number of asset objects unloaded after import = 8

========================================================================
Received Import Request.
  Time since last request: 0.000026 seconds.
  path: Assets/3D Laboratory Environment with Appratus/Scenes
  artifactKey: Guid(186ffc8328a2ae24a8cc22f30618da2d) Importer(2089858483,b0f066a214c2f5e87bad3c948f4d605d)
Start importing Assets/3D Laboratory Environment with Appratus/Scenes using Guid(186ffc8328a2ae24a8cc22f30618da2d) Importer(2089858483,b0f066a214c2f5e87bad3c948f4d605d) (ScriptedImporter) -> (artifact id: '8653da934c0cfd137942ea2bc28c567d') in 0.0183534 seconds
Number of updated asset objects reloaded before import = 0Number of asset objects unloaded after import = 1

========================================================================
Received Import Request.
  Time since last request: 0.000036 seconds.
  path: Assets/3D Laboratory Environment with Appratus/Materials/Liquid.mat
  artifactKey: Guid(94c11be5b5b74c440a5c2fc75dc65d88) Importer(2089858483,b0f066a214c2f5e87bad3c948f4d605d)
Start importing Assets/3D Laboratory Environment with Appratus/Materials/Liquid.mat using Guid(94c11be5b5b74c440a5c2fc75dc65d88) Importer(2089858483,b0f066a214c2f5e87bad3c948f4d605d) (ScriptedImporter) -> (artifact id: '216b2c6227f3822bb81cf0d53e5adf4a') in 0.1375076 seconds
Number of updated asset objects reloaded before import = 0Number of asset objects unloaded after import = 1

========================================================================
Received Import Request.
  Time since last request: 0.000038 seconds.
  path: Assets/3D Laboratory Environment with Appratus/Materials/Laboratory03_Wood_BaseMap.mat
  artifactKey: Guid(bf1b930b1fba9db409872196db946d5c) Importer(2089858483,b0f066a214c2f5e87bad3c948f4d605d)
Start importing Assets/3D Laboratory Environment with Appratus/Materials/Laboratory03_Wood_BaseMap.mat using Guid(bf1b930b1fba9db409872196db946d5c) Importer(2089858483,b0f066a214c2f5e87bad3c948f4d605d) (ScriptedImporter) -> (artifact id: '02325e2e5724e17271a3604bc64c36c1') in 0.0326159 seconds
Number of updated asset objects reloaded before import = 0Number of asset objects unloaded after import = 4

========================================================================
Received Import Request.
  Time since last request: 0.000031 seconds.
  path: Assets/3D Laboratory Environment with Appratus/Prefabs/Erlenmeyer_flask water.prefab
  artifactKey: Guid(f0aa1c925210d3e478b7bbdba5252af4) Importer(2089858483,b0f066a214c2f5e87bad3c948f4d605d)
Start importing Assets/3D Laboratory Environment with Appratus/Prefabs/Erlenmeyer_flask water.prefab using Guid(f0aa1c925210d3e478b7bbdba5252af4) Importer(2089858483,b0f066a214c2f5e87bad3c948f4d605d) (ScriptedImporter) -> (artifact id: '8c0b2e024c7a50dd55a2ff7dc09c6836') in 0.0262002 seconds
Number of updated asset objects reloaded before import = 0Number of asset objects unloaded after import = 8

========================================================================
Received Import Request.
  Time since last request: 0.000019 seconds.
  path: Assets/3D Laboratory Environment with Appratus/Scenes/Laboratory Scene.unity
  artifactKey: Guid(9fc0d4010bbf28b4594072e72b8655ab) Importer(2089858483,b0f066a214c2f5e87bad3c948f4d605d)
Start importing Assets/3D Laboratory Environment with Appratus/Scenes/Laboratory Scene.unity using Guid(9fc0d4010bbf28b4594072e72b8655ab) Importer(2089858483,b0f066a214c2f5e87bad3c948f4d605d) (ScriptedImporter) -> (artifact id: 'e11b33928add93c6b2b2e4db96bf3420') in 0.0377135 seconds
Number of updated asset objects reloaded before import = 0Number of asset objects unloaded after import = 1

========================================================================
Received Import Request.
  Time since last request: 0.000056 seconds.
  path: Assets/3D Laboratory Environment with Appratus/Textures/Laboratory03_Wood_BaseMap.png
  artifactKey: Guid(6758392e8dff9da4bb9512f293122cc4) Importer(2089858483,b0f066a214c2f5e87bad3c948f4d605d)
Start importing Assets/3D Laboratory Environment with Appratus/Textures/Laboratory03_Wood_BaseMap.png using Guid(6758392e8dff9da4bb9512f293122cc4) Importer(2089858483,b0f066a214c2f5e87bad3c948f4d605d) (ScriptedImporter) -> (artifact id: '1f2757fd5b5fd1040fc115d30e3b37cb') in 0.0975393 seconds
Number of updated asset objects reloaded before import = 0Number of asset objects unloaded after import = 1

========================================================================
Received Import Request.
  Time since last request: 0.000121 seconds.
  path: Assets/3D Laboratory Environment with Appratus/Models/table drawer.fbx
  artifactKey: Guid(4a07e68799a02b34db842834acf558ac) Importer(2089858483,b0f066a214c2f5e87bad3c948f4d605d)
Start importing Assets/3D Laboratory Environment with Appratus/Models/table drawer.fbx using Guid(4a07e68799a02b34db842834acf558ac) Importer(2089858483,b0f066a214c2f5e87bad3c948f4d605d) (ScriptedImporter) -> (artifact id: '1241d06d5066a5dd243b232eeb2710c4') in 0.0301574 seconds
Number of updated asset objects reloaded before import = 0Number of asset objects unloaded after import = 8

========================================================================
Received Import Request.
  Time since last request: 0.000034 seconds.
  path: Assets/3D Laboratory Environment with Appratus/Models/liquids.fbx
  artifactKey: Guid(3f44b2fca30385c4db28c6a6d6b5bcbe) Importer(2089858483,b0f066a214c2f5e87bad3c948f4d605d)
Start importing Assets/3D Laboratory Environment with Appratus/Models/liquids.fbx using Guid(3f44b2fca30385c4db28c6a6d6b5bcbe) Importer(2089858483,b0f066a214c2f5e87bad3c948f4d605d) (ScriptedImporter) -> (artifact id: 'fcc1a54f2d0301f61459c6e7411d8c1d') in 0.0379916 seconds
Number of updated asset objects reloaded before import = 0Number of asset objects unloaded after import = 24

========================================================================
Received Import Request.
  Time since last request: 0.000034 seconds.
  path: Assets/3D Laboratory Environment with Appratus/Textures/Laboratory03_Wood_MaskMap.png
  artifactKey: Guid(bd7a934d1a53db04caef7a80fad2d68f) Importer(2089858483,b0f066a214c2f5e87bad3c948f4d605d)
Start importing Assets/3D Laboratory Environment with Appratus/Textures/Laboratory03_Wood_MaskMap.png using Guid(bd7a934d1a53db04caef7a80fad2d68f) Importer(2089858483,b0f066a214c2f5e87bad3c948f4d605d) (ScriptedImporter) -> (artifact id: 'cb576ca726d669309b72587026a29d72') in 0.0269914 seconds
Number of updated asset objects reloaded before import = 0Number of asset objects unloaded after import = 1

========================================================================
Received Import Request.
  Time since last request: 0.000053 seconds.
  path: Assets/3D Laboratory Environment with Appratus/Prefabs/shelf showcase.prefab
  artifactKey: Guid(58d93148047363d45a12c673b277817d) Importer(2089858483,b0f066a214c2f5e87bad3c948f4d605d)
Start importing Assets/3D Laboratory Environment with Appratus/Prefabs/shelf showcase.prefab using Guid(58d93148047363d45a12c673b277817d) Importer(2089858483,b0f066a214c2f5e87bad3c948f4d605d) (ScriptedImporter) -> (artifact id: '45b47d9246bca799aa72c0005e1bd57b') in 0.0270819 seconds
Number of updated asset objects reloaded before import = 0Number of asset objects unloaded after import = 9

========================================================================
Received Import Request.
  Time since last request: 0.000067 seconds.
  path: Assets/3D Laboratory Environment with Appratus/Models/Boiling_Liquid_Stand.fbx
  artifactKey: Guid(887d8e7178c222845a83551a7df89107) Importer(2089858483,b0f066a214c2f5e87bad3c948f4d605d)
Start importing Assets/3D Laboratory Environment with Appratus/Models/Boiling_Liquid_Stand.fbx using Guid(887d8e7178c222845a83551a7df89107) Importer(2089858483,b0f066a214c2f5e87bad3c948f4d605d) (ScriptedImporter) -> (artifact id: '7d76b7a05f45ad8ab1f497a2242d7597') in 0.0410249 seconds
Number of updated asset objects reloaded before import = 0Number of asset objects unloaded after import = 65

========================================================================
Received Import Request.
  Time since last request: 0.000042 seconds.
  path: Assets/3D Laboratory Environment with Appratus/Materials/Laboratory03_Other_01_BaseMap.mat
  artifactKey: Guid(a0b376915f4283c4e9db27aa35394b89) Importer(2089858483,b0f066a214c2f5e87bad3c948f4d605d)
Start importing Assets/3D Laboratory Environment with Appratus/Materials/Laboratory03_Other_01_BaseMap.mat using Guid(a0b376915f4283c4e9db27aa35394b89) Importer(2089858483,b0f066a214c2f5e87bad3c948f4d605d) (ScriptedImporter) -> (artifact id: '1677b9fa330f16527f55ec35e50f4c75') in 0.0248113 seconds
Number of updated asset objects reloaded before import = 0Number of asset objects unloaded after import = 4

========================================================================
Received Import Request.
  Time since last request: 0.000044 seconds.
  path: Assets/3D Laboratory Environment with Appratus/Prefabs/glass support.prefab
  artifactKey: Guid(f638304d9ae649a468fda10676275d5d) Importer(2089858483,b0f066a214c2f5e87bad3c948f4d605d)
Start importing Assets/3D Laboratory Environment with Appratus/Prefabs/glass support.prefab using Guid(f638304d9ae649a468fda10676275d5d) Importer(2089858483,b0f066a214c2f5e87bad3c948f4d605d) (ScriptedImporter) -> (artifact id: 'c5a8360d1e5b893d3d7f4ddd1a627c63') in 0.030652 seconds
Number of updated asset objects reloaded before import = 0Number of asset objects unloaded after import = 9

========================================================================
Received Import Request.
  Time since last request: 0.000789 seconds.
  path: Assets/3D Laboratory Environment with Appratus/Prefabs/Boiling_Liquid_Stand.prefab
  artifactKey: Guid(5a995f9fd8fafcf479304ec16ce9c299) Importer(2089858483,b0f066a214c2f5e87bad3c948f4d605d)
Start importing Assets/3D Laboratory Environment with Appratus/Prefabs/Boiling_Liquid_Stand.prefab using Guid(5a995f9fd8fafcf479304ec16ce9c299) Importer(2089858483,b0f066a214c2f5e87bad3c948f4d605d) (ScriptedImporter) -> (artifact id: '6165675b95fa0f8e2ed6483212b4d36b') in 0.0259692 seconds
Number of updated asset objects reloaded before import = 0Number of asset objects unloaded after import = 66

========================================================================
Received Import Request.
  Time since last request: 0.000076 seconds.
  path: Assets/3D Laboratory Environment with Appratus/Textures/Laboratory03_Glass_BaseMap.png
  artifactKey: Guid(2d6ad0ad372d9d340bef9b458885d042) Importer(2089858483,b0f066a214c2f5e87bad3c948f4d605d)
Start importing Assets/3D Laboratory Environment with Appratus/Textures/Laboratory03_Glass_BaseMap.png using Guid(2d6ad0ad372d9d340bef9b458885d042) Importer(2089858483,b0f066a214c2f5e87bad3c948f4d605d) (ScriptedImporter) -> (artifact id: '6628f7fc78e1ad514ee784cb9a38f2e4') in 0.0375374 seconds
Number of updated asset objects reloaded before import = 0Number of asset objects unloaded after import = 1

========================================================================
Received Import Request.
  Time since last request: 0.000123 seconds.
  path: Assets/3D Laboratory Environment with Appratus/Prefabs/tap.prefab
  artifactKey: Guid(db90a77efe2e41f438b4f71f4dbca71e) Importer(2089858483,b0f066a214c2f5e87bad3c948f4d605d)
Start importing Assets/3D Laboratory Environment with Appratus/Prefabs/tap.prefab using Guid(db90a77efe2e41f438b4f71f4dbca71e) Importer(2089858483,b0f066a214c2f5e87bad3c948f4d605d) (ScriptedImporter) -> (artifact id: '8f9af65b5ebc236dcaf5cf91d2668503') in 0.015355 seconds
Number of updated asset objects reloaded before import = 0Number of asset objects unloaded after import = 20

========================================================================
Received Import Request.
  Time since last request: 0.000027 seconds.
  path: Assets/3D Laboratory Environment with Appratus/Models/rack.fbx
  artifactKey: Guid(36d8dee32598ee9429a422732baf5b93) Importer(2089858483,b0f066a214c2f5e87bad3c948f4d605d)
Start importing Assets/3D Laboratory Environment with Appratus/Models/rack.fbx using Guid(36d8dee32598ee9429a422732baf5b93) Importer(2089858483,b0f066a214c2f5e87bad3c948f4d605d) (ScriptedImporter) -> (artifact id: 'edab9cee25c9421925f0725c9f65b784') in 0.0311795 seconds
Number of updated asset objects reloaded before import = 0Number of asset objects unloaded after import = 8

========================================================================
Received Import Request.
  Time since last request: 0.000029 seconds.
  path: Assets/3D Laboratory Environment with Appratus/Models/glass.fbx
  artifactKey: Guid(64697bdc6c9d4c340b65bc835aa723a3) Importer(2089858483,b0f066a214c2f5e87bad3c948f4d605d)
Start importing Assets/3D Laboratory Environment with Appratus/Models/glass.fbx using Guid(64697bdc6c9d4c340b65bc835aa723a3) Importer(2089858483,b0f066a214c2f5e87bad3c948f4d605d) (ScriptedImporter) -> (artifact id: '28c5d665971d196959396401d9119b9b') in 0.0270808 seconds
Number of updated asset objects reloaded before import = 0Number of asset objects unloaded after import = 9

========================================================================
Received Import Request.
  Time since last request: 0.000027 seconds.
  path: Assets/3D Laboratory Environment with Appratus/Textures/Laboratory03_Floor_Normal.png
  artifactKey: Guid(ae00e00c7806677439c6823dae4a38f4) Importer(2089858483,b0f066a214c2f5e87bad3c948f4d605d)
Start importing Assets/3D Laboratory Environment with Appratus/Textures/Laboratory03_Floor_Normal.png using Guid(ae00e00c7806677439c6823dae4a38f4) Importer(2089858483,b0f066a214c2f5e87bad3c948f4d605d) (ScriptedImporter) -> (artifact id: '3dda3dc8914b59dbc6837cd7cca9fa98') in 0.0270028 seconds
Number of updated asset objects reloaded before import = 0Number of asset objects unloaded after import = 1

========================================================================
Received Import Request.
  Time since last request: 0.000097 seconds.
  path: Assets/3D Laboratory Environment with Appratus/Textures/roof and blub_other02_MaskMap.png
  artifactKey: Guid(c8e5653f10268d646b23c03a4df860d1) Importer(2089858483,b0f066a214c2f5e87bad3c948f4d605d)
Start importing Assets/3D Laboratory Environment with Appratus/Textures/roof and blub_other02_MaskMap.png using Guid(c8e5653f10268d646b23c03a4df860d1) Importer(2089858483,b0f066a214c2f5e87bad3c948f4d605d) (ScriptedImporter) -> (artifact id: '383141b8d83da1e0a4f922296161550f') in 0.0243241 seconds
Number of updated asset objects reloaded before import = 0Number of asset objects unloaded after import = 1

========================================================================
Received Import Request.
  Time since last request: 0.000022 seconds.
  path: Assets/3D Laboratory Environment with Appratus/Models/Spirit_Lamp.fbx
  artifactKey: Guid(43f13c2bdd3f0704583b07aa61489e21) Importer(2089858483,b0f066a214c2f5e87bad3c948f4d605d)
Start importing Assets/3D Laboratory Environment with Appratus/Models/Spirit_Lamp.fbx using Guid(43f13c2bdd3f0704583b07aa61489e21) Importer(2089858483,b0f066a214c2f5e87bad3c948f4d605d) (ScriptedImporter) -> (artifact id: 'c312f6a712feae8863c528e3ef416541') in 0.0299005 seconds
Number of updated asset objects reloaded before import = 0Number of asset objects unloaded after import = 24

========================================================================
Received Import Request.
  Time since last request: 0.000023 seconds.
  path: Assets/3D Laboratory Environment with Appratus/Prefabs/glass_funnel.prefab
  artifactKey: Guid(fafcb18b3640bbc4a9d8f89ffd6f3b21) Importer(2089858483,b0f066a214c2f5e87bad3c948f4d605d)
Start importing Assets/3D Laboratory Environment with Appratus/Prefabs/glass_funnel.prefab using Guid(fafcb18b3640bbc4a9d8f89ffd6f3b21) Importer(2089858483,b0f066a214c2f5e87bad3c948f4d605d) (ScriptedImporter) -> (artifact id: '69b04e6abd2e1d0260a739ecd39ce04d') in 0.0280347 seconds
Number of updated asset objects reloaded before import = 0Number of asset objects unloaded after import = 9

========================================================================
Received Import Request.
  Time since last request: 0.000112 seconds.
  path: Assets/3D Laboratory Environment with Appratus/Models/Glass_medical_dropper.fbx
  artifactKey: Guid(962eb04bf1b1e724dbb40dbd73d26af1) Importer(2089858483,b0f066a214c2f5e87bad3c948f4d605d)
Start importing Assets/3D Laboratory Environment with Appratus/Models/Glass_medical_dropper.fbx using Guid(962eb04bf1b1e724dbb40dbd73d26af1) Importer(2089858483,b0f066a214c2f5e87bad3c948f4d605d) (ScriptedImporter) -> (artifact id: '786f22bd3944631c59b9e42ceb271152') in 0.0320838 seconds
Number of updated asset objects reloaded before import = 0Number of asset objects unloaded after import = 9

========================================================================
Received Import Request.
  Time since last request: 0.000020 seconds.
  path: Assets/3D Laboratory Environment with Appratus/Prefabs/shelf (2).prefab
  artifactKey: Guid(1f01da7e5a2d2554e8e434b44031fd99) Importer(2089858483,b0f066a214c2f5e87bad3c948f4d605d)
Start importing Assets/3D Laboratory Environment with Appratus/Prefabs/shelf (2).prefab using Guid(1f01da7e5a2d2554e8e434b44031fd99) Importer(2089858483,b0f066a214c2f5e87bad3c948f4d605d) (ScriptedImporter) -> (artifact id: '49be4149a02e9a3a06d5b2b8f4be1c68') in 0.0194419 seconds
Number of updated asset objects reloaded before import = 0Number of asset objects unloaded after import = 9

========================================================================
Received Import Request.
  Time since last request: 0.000139 seconds.
  path: Assets/3D Laboratory Environment with Appratus/Prefabs/pillar.prefab
  artifactKey: Guid(60c0a2b3e3b0b41429758d604a4bac5c) Importer(2089858483,b0f066a214c2f5e87bad3c948f4d605d)
Start importing Assets/3D Laboratory Environment with Appratus/Prefabs/pillar.prefab using Guid(60c0a2b3e3b0b41429758d604a4bac5c) Importer(2089858483,b0f066a214c2f5e87bad3c948f4d605d) (ScriptedImporter) -> (artifact id: 'ed9289e497336f06e9d2376f27a21ae6') in 0.0250841 seconds
Number of updated asset objects reloaded before import = 0Number of asset objects unloaded after import = 9

========================================================================
Received Import Request.
  Time since last request: 0.000048 seconds.
  path: Assets/3D Laboratory Environment with Appratus/Models/shelf showcase 1.fbx
  artifactKey: Guid(19cebbe4a89244b42992150bce37a6d0) Importer(2089858483,b0f066a214c2f5e87bad3c948f4d605d)
Start importing Assets/3D Laboratory Environment with Appratus/Models/shelf showcase 1.fbx using Guid(19cebbe4a89244b42992150bce37a6d0) Importer(2089858483,b0f066a214c2f5e87bad3c948f4d605d) (ScriptedImporter) -> (artifact id: '2d170a5122698be17896cec5d7d9bf4d') in 0.087644 seconds
Number of updated asset objects reloaded before import = 0Number of asset objects unloaded after import = 9

========================================================================
Received Import Request.
  Time since last request: 0.000020 seconds.
  path: Assets/3D Laboratory Environment with Appratus/Materials/Liquid 3.mat
  artifactKey: Guid(65529ac748f009d4dbdee8d40e2e6402) Importer(2089858483,b0f066a214c2f5e87bad3c948f4d605d)
Start importing Assets/3D Laboratory Environment with Appratus/Materials/Liquid 3.mat using Guid(65529ac748f009d4dbdee8d40e2e6402) Importer(2089858483,b0f066a214c2f5e87bad3c948f4d605d) (ScriptedImporter) -> (artifact id: 'cc11d2936494bf378e03e041c3348e98') in 0.0133991 seconds
Number of updated asset objects reloaded before import = 0Number of asset objects unloaded after import = 1

========================================================================
Received Import Request.
  Time since last request: 0.000047 seconds.
  path: Assets/3D Laboratory Environment with Appratus/Models/drawer handle.fbx
  artifactKey: Guid(760634872ac8e0545aea25d92fb64cf4) Importer(2089858483,b0f066a214c2f5e87bad3c948f4d605d)
Start importing Assets/3D Laboratory Environment with Appratus/Models/drawer handle.fbx using Guid(760634872ac8e0545aea25d92fb64cf4) Importer(2089858483,b0f066a214c2f5e87bad3c948f4d605d) (ScriptedImporter) -> (artifact id: '08f8814d9f453c64d7ab5c6dd040bee0') in 0.0268347 seconds
Number of updated asset objects reloaded before import = 0Number of asset objects unloaded after import = 8

========================================================================
Received Import Request.
  Time since last request: 0.000197 seconds.
  path: Assets/3D Laboratory Environment with Appratus/Prefabs/wood.prefab
  artifactKey: Guid(7b9a5ca63cff9294e802248c3bf5a34d) Importer(2089858483,b0f066a214c2f5e87bad3c948f4d605d)
Start importing Assets/3D Laboratory Environment with Appratus/Prefabs/wood.prefab using Guid(7b9a5ca63cff9294e802248c3bf5a34d) Importer(2089858483,b0f066a214c2f5e87bad3c948f4d605d) (ScriptedImporter) -> (artifact id: '68d495523471b696baa633350bda23c7') in 0.0262438 seconds
Number of updated asset objects reloaded before import = 0Number of asset objects unloaded after import = 9

========================================================================
Received Import Request.
  Time since last request: 0.000021 seconds.
  path: Assets/3D Laboratory Environment with Appratus/Prefabs/glass_frame.prefab
  artifactKey: Guid(aab47d642ec9fd94ab69459ad6deedb1) Importer(2089858483,b0f066a214c2f5e87bad3c948f4d605d)
Start importing Assets/3D Laboratory Environment with Appratus/Prefabs/glass_frame.prefab using Guid(aab47d642ec9fd94ab69459ad6deedb1) Importer(2089858483,b0f066a214c2f5e87bad3c948f4d605d) (ScriptedImporter) -> (artifact id: 'b65e00c1db274872ed2bbfdea56b859d') in 0.0275116 seconds
Number of updated asset objects reloaded before import = 0Number of asset objects unloaded after import = 9

========================================================================
Received Import Request.
  Time since last request: 0.000109 seconds.
  path: Assets/3D Laboratory Environment with Appratus/Models/roof.fbx
  artifactKey: Guid(99c079541e57ab042b54c9607050eb24) Importer(2089858483,b0f066a214c2f5e87bad3c948f4d605d)
Start importing Assets/3D Laboratory Environment with Appratus/Models/roof.fbx using Guid(99c079541e57ab042b54c9607050eb24) Importer(2089858483,b0f066a214c2f5e87bad3c948f4d605d) (ScriptedImporter) -> (artifact id: 'a379a59bf2397930e0a59c97eeae65c7') in 0.0325723 seconds
Number of updated asset objects reloaded before import = 0Number of asset objects unloaded after import = 9

========================================================================
Received Import Request.
  Time since last request: 0.000037 seconds.
  path: Assets/3D Laboratory Environment with Appratus/Models/chair.fbx
  artifactKey: Guid(54b30e10a2f11c3418ddc68df8c1860e) Importer(2089858483,b0f066a214c2f5e87bad3c948f4d605d)
Start importing Assets/3D Laboratory Environment with Appratus/Models/chair.fbx using Guid(54b30e10a2f11c3418ddc68df8c1860e) Importer(2089858483,b0f066a214c2f5e87bad3c948f4d605d) (ScriptedImporter) -> (artifact id: '8ddcab96d54b149c5d46365cf903c0a6') in 0.042891 seconds
Number of updated asset objects reloaded before import = 0Number of asset objects unloaded after import = 62

========================================================================
Received Import Request.
  Time since last request: 0.000032 seconds.
  path: Assets/3D Laboratory Environment with Appratus/Materials/Liquid 1.mat
  artifactKey: Guid(d987ec024d9a90d4c8deb0ba94e48b99) Importer(2089858483,b0f066a214c2f5e87bad3c948f4d605d)
Start importing Assets/3D Laboratory Environment with Appratus/Materials/Liquid 1.mat using Guid(d987ec024d9a90d4c8deb0ba94e48b99) Importer(2089858483,b0f066a214c2f5e87bad3c948f4d605d) (ScriptedImporter) -> (artifact id: '90aa4db3ea77088aac85d58314bbb0c4') in 0.0189806 seconds
Number of updated asset objects reloaded before import = 0Number of asset objects unloaded after import = 1

========================================================================
Received Import Request.
  Time since last request: 0.000150 seconds.
  path: Assets/3D Laboratory Environment with Appratus/Prefabs/glass.prefab
  artifactKey: Guid(0464c51f3e579bd4ca5150116cebfe97) Importer(2089858483,b0f066a214c2f5e87bad3c948f4d605d)
Start importing Assets/3D Laboratory Environment with Appratus/Prefabs/glass.prefab using Guid(0464c51f3e579bd4ca5150116cebfe97) Importer(2089858483,b0f066a214c2f5e87bad3c948f4d605d) (ScriptedImporter) -> (artifact id: '14e4a54f761368cc7faef68b919b366f') in 0.0287382 seconds
Number of updated asset objects reloaded before import = 0Number of asset objects unloaded after import = 9

========================================================================
Received Import Request.
  Time since last request: 0.000026 seconds.
  path: Assets/3D Laboratory Environment with Appratus/Textures/Laboratory03_Floor_MaskMap.png
  artifactKey: Guid(6932af5907d8e8341ac1b1eeae8b9736) Importer(2089858483,b0f066a214c2f5e87bad3c948f4d605d)
Start importing Assets/3D Laboratory Environment with Appratus/Textures/Laboratory03_Floor_MaskMap.png using Guid(6932af5907d8e8341ac1b1eeae8b9736) Importer(2089858483,b0f066a214c2f5e87bad3c948f4d605d) (ScriptedImporter) -> (artifact id: 'f15a331b268ba029a7ac73c32a7e55e0') in 0.0255165 seconds
Number of updated asset objects reloaded before import = 0Number of asset objects unloaded after import = 1

========================================================================
Received Import Request.
  Time since last request: 0.000035 seconds.
  path: Assets/3D Laboratory Environment with Appratus/Models/tap.fbx
  artifactKey: Guid(22414f031bf71f84d829c83c7b649088) Importer(2089858483,b0f066a214c2f5e87bad3c948f4d605d)
Start importing Assets/3D Laboratory Environment with Appratus/Models/tap.fbx using Guid(22414f031bf71f84d829c83c7b649088) Importer(2089858483,b0f066a214c2f5e87bad3c948f4d605d) (ScriptedImporter) -> (artifact id: 'b293b43d17511f39b2d4fa7c07a230d2') in 0.033003 seconds
Number of updated asset objects reloaded before import = 0Number of asset objects unloaded after import = 19

========================================================================
Received Import Request.
  Time since last request: 0.000028 seconds.
  path: Assets/3D Laboratory Environment with Appratus/Textures/Laboratory03_Glass_MaskMap.png
  artifactKey: Guid(4910635f1d92ff64c80f39ba8fa48f34) Importer(2089858483,b0f066a214c2f5e87bad3c948f4d605d)
Start importing Assets/3D Laboratory Environment with Appratus/Textures/Laboratory03_Glass_MaskMap.png using Guid(4910635f1d92ff64c80f39ba8fa48f34) Importer(2089858483,b0f066a214c2f5e87bad3c948f4d605d) (ScriptedImporter) -> (artifact id: '4915e894ec6499c9dd66aa09c416c195') in 0.0281678 seconds
Number of updated asset objects reloaded before import = 0Number of asset objects unloaded after import = 1

========================================================================
Received Import Request.
  Time since last request: 0.000050 seconds.
  path: Assets/3D Laboratory Environment with Appratus/Prefabs/Erlenmeyer_flask with water.prefab
  artifactKey: Guid(82efbd6f209a6ab4c8e561fcd37a4810) Importer(2089858483,b0f066a214c2f5e87bad3c948f4d605d)
Start importing Assets/3D Laboratory Environment with Appratus/Prefabs/Erlenmeyer_flask with water.prefab using Guid(82efbd6f209a6ab4c8e561fcd37a4810) Importer(2089858483,b0f066a214c2f5e87bad3c948f4d605d) (ScriptedImporter) -> (artifact id: 'a2f96d0c4ad5e6233b2259cfe2bf1270') in 0.0269506 seconds
Number of updated asset objects reloaded before import = 0Number of asset objects unloaded after import = 15

========================================================================
Received Import Request.
  Time since last request: 0.000138 seconds.
  path: Assets/3D Laboratory Environment with Appratus/Textures/roof and blub_other02_Normal.png
  artifactKey: Guid(2ddb50fc710ac8c488e8a8b386d22332) Importer(2089858483,b0f066a214c2f5e87bad3c948f4d605d)
Start importing Assets/3D Laboratory Environment with Appratus/Textures/roof and blub_other02_Normal.png using Guid(2ddb50fc710ac8c488e8a8b386d22332) Importer(2089858483,b0f066a214c2f5e87bad3c948f4d605d) (ScriptedImporter) -> (artifact id: 'ed9854b22f65679c50b9dcf551cdb752') in 0.0210261 seconds
Number of updated asset objects reloaded before import = 0Number of asset objects unloaded after import = 1

========================================================================
Received Import Request.
  Time since last request: 0.000032 seconds.
  path: Assets/3D Laboratory Environment with Appratus/Models/Glass_Lab_test_tube.fbx
  artifactKey: Guid(e4e11ea820df4144a80c5d1d3d605107) Importer(2089858483,b0f066a214c2f5e87bad3c948f4d605d)
Start importing Assets/3D Laboratory Environment with Appratus/Models/Glass_Lab_test_tube.fbx using Guid(e4e11ea820df4144a80c5d1d3d605107) Importer(2089858483,b0f066a214c2f5e87bad3c948f4d605d) (ScriptedImporter) -> (artifact id: 'a3c78c9fee8e23b61478898657c12cba') in 0.0294204 seconds
Number of updated asset objects reloaded before import = 0Number of asset objects unloaded after import = 8

========================================================================
Received Import Request.
  Time since last request: 0.000017 seconds.
  path: Assets/3D Laboratory Environment with Appratus/Models/glass_frame.fbx
  artifactKey: Guid(ab7854530851feb48985ee4033c7b550) Importer(2089858483,b0f066a214c2f5e87bad3c948f4d605d)
Start importing Assets/3D Laboratory Environment with Appratus/Models/glass_frame.fbx using Guid(ab7854530851feb48985ee4033c7b550) Importer(2089858483,b0f066a214c2f5e87bad3c948f4d605d) (ScriptedImporter) -> (artifact id: '3b8b9d5eb94cc8db9290378b8a403841') in 0.0305337 seconds
Number of updated asset objects reloaded before import = 0Number of asset objects unloaded after import = 8

========================================================================
Received Import Request.
  Time since last request: 0.000046 seconds.
  path: Assets/3D Laboratory Environment with Appratus/Models/forceps.fbx
  artifactKey: Guid(ffad09fc807174544874a365c124edc4) Importer(2089858483,b0f066a214c2f5e87bad3c948f4d605d)
Start importing Assets/3D Laboratory Environment with Appratus/Models/forceps.fbx using Guid(ffad09fc807174544874a365c124edc4) Importer(2089858483,b0f066a214c2f5e87bad3c948f4d605d) (ScriptedImporter) -> (artifact id: '873f03a5eb8720064e46c4d7909fdc5a') in 0.0313327 seconds
Number of updated asset objects reloaded before import = 0Number of asset objects unloaded after import = 8

========================================================================
Received Import Request.
  Time since last request: 0.000074 seconds.
  path: Assets/3D Laboratory Environment with Appratus/Models/Crucible_Tongs.fbx
  artifactKey: Guid(467bcd725f0c5c44d834baf480c0729c) Importer(2089858483,b0f066a214c2f5e87bad3c948f4d605d)
Start importing Assets/3D Laboratory Environment with Appratus/Models/Crucible_Tongs.fbx using Guid(467bcd725f0c5c44d834baf480c0729c) Importer(2089858483,b0f066a214c2f5e87bad3c948f4d605d) (ScriptedImporter) -> (artifact id: '5c212e89c46f67fd78373b8a0ca39872') in 0.0376472 seconds
Number of updated asset objects reloaded before import = 0Number of asset objects unloaded after import = 19

========================================================================
Received Import Request.
  Time since last request: 0.000026 seconds.
  path: Assets/3D Laboratory Environment with Appratus/Models/Beaker.fbx
  artifactKey: Guid(44fed6aff454809469effaac1a0b86ed) Importer(2089858483,b0f066a214c2f5e87bad3c948f4d605d)
Start importing Assets/3D Laboratory Environment with Appratus/Models/Beaker.fbx using Guid(44fed6aff454809469effaac1a0b86ed) Importer(2089858483,b0f066a214c2f5e87bad3c948f4d605d) (ScriptedImporter) -> (artifact id: '234f5f46da1ab3019dab1991fc37624f') in 0.0291392 seconds
Number of updated asset objects reloaded before import = 0Number of asset objects unloaded after import = 8

========================================================================
Received Import Request.
  Time since last request: 0.000094 seconds.
  path: Assets/3D Laboratory Environment with Appratus/Models/roof light.fbx
  artifactKey: Guid(514ed45cae94daf4dbb5a0b44dc0ec69) Importer(2089858483,b0f066a214c2f5e87bad3c948f4d605d)
Start importing Assets/3D Laboratory Environment with Appratus/Models/roof light.fbx using Guid(514ed45cae94daf4dbb5a0b44dc0ec69) Importer(2089858483,b0f066a214c2f5e87bad3c948f4d605d) (ScriptedImporter) -> (artifact id: '23d64efc9ad04ee22fe68b5f2e7b5271') in 0.0346486 seconds
Number of updated asset objects reloaded before import = 0Number of asset objects unloaded after import = 9

========================================================================
Received Import Request.
  Time since last request: 0.000021 seconds.
  path: Assets/3D Laboratory Environment with Appratus/Prefabs/florence_flask.prefab
  artifactKey: Guid(5946c1452d879cf4bb19e57f7179e519) Importer(2089858483,b0f066a214c2f5e87bad3c948f4d605d)
Start importing Assets/3D Laboratory Environment with Appratus/Prefabs/florence_flask.prefab using Guid(5946c1452d879cf4bb19e57f7179e519) Importer(2089858483,b0f066a214c2f5e87bad3c948f4d605d) (ScriptedImporter) -> (artifact id: '135e3b98eaebf99ee3d93508c0137442') in 0.0270278 seconds
Number of updated asset objects reloaded before import = 0Number of asset objects unloaded after import = 9

========================================================================
Received Import Request.
  Time since last request: 0.000032 seconds.
  path: Assets/3D Laboratory Environment with Appratus/Prefabs/chair.prefab
  artifactKey: Guid(00f2ce65178270a459700e0c08c55a4f) Importer(2089858483,b0f066a214c2f5e87bad3c948f4d605d)
Start importing Assets/3D Laboratory Environment with Appratus/Prefabs/chair.prefab using Guid(00f2ce65178270a459700e0c08c55a4f) Importer(2089858483,b0f066a214c2f5e87bad3c948f4d605d) (ScriptedImporter) -> (artifact id: 'c54b304231353f0eac7876e207da689c') in 0.0253838 seconds
Number of updated asset objects reloaded before import = 0Number of asset objects unloaded after import = 63

========================================================================
Received Import Request.
  Time since last request: 0.000179 seconds.
  path: Assets/3D Laboratory Environment with Appratus/Materials/water.mat
  artifactKey: Guid(7edb3177958782c49aa980429ae5fbf4) Importer(2089858483,b0f066a214c2f5e87bad3c948f4d605d)
Start importing Assets/3D Laboratory Environment with Appratus/Materials/water.mat using Guid(7edb3177958782c49aa980429ae5fbf4) Importer(2089858483,b0f066a214c2f5e87bad3c948f4d605d) (ScriptedImporter) -> (artifact id: '59b91d546684b0a1fc3393edb735c442') in 0.0182015 seconds
Number of updated asset objects reloaded before import = 0Number of asset objects unloaded after import = 1

========================================================================
Received Import Request.
  Time since last request: 0.000024 seconds.
  path: Assets/3D Laboratory Environment with Appratus/Prefabs/table with drawers.prefab
  artifactKey: Guid(6c1097bff3e3b5944b5edd14758d2ea0) Importer(2089858483,b0f066a214c2f5e87bad3c948f4d605d)
Start importing Assets/3D Laboratory Environment with Appratus/Prefabs/table with drawers.prefab using Guid(6c1097bff3e3b5944b5edd14758d2ea0) Importer(2089858483,b0f066a214c2f5e87bad3c948f4d605d) (ScriptedImporter) -> (artifact id: '79d2262c94c84053a34e83412ff72dde') in 0.0255119 seconds
Number of updated asset objects reloaded before import = 0Number of asset objects unloaded after import = 30

========================================================================
Received Import Request.
  Time since last request: 0.000045 seconds.
  path: Assets/3D Laboratory Environment with Appratus/Models/glass support.fbx
  artifactKey: Guid(981368d7116284b499cd25993804b250) Importer(2089858483,b0f066a214c2f5e87bad3c948f4d605d)
Start importing Assets/3D Laboratory Environment with Appratus/Models/glass support.fbx using Guid(981368d7116284b499cd25993804b250) Importer(2089858483,b0f066a214c2f5e87bad3c948f4d605d) (ScriptedImporter) -> (artifact id: '52e1e99c8130c119eecc42c3c12c263a') in 0.036486 seconds
Number of updated asset objects reloaded before import = 0Number of asset objects unloaded after import = 8

========================================================================
Received Import Request.
  Time since last request: 0.000034 seconds.
  path: Assets/3D Laboratory Environment with Appratus/Textures/Laboratory03_Wood_Normal.png
  artifactKey: Guid(ec38f2389f44c6d4ba00cfe894a86e5f) Importer(2089858483,b0f066a214c2f5e87bad3c948f4d605d)
Start importing Assets/3D Laboratory Environment with Appratus/Textures/Laboratory03_Wood_Normal.png using Guid(ec38f2389f44c6d4ba00cfe894a86e5f) Importer(2089858483,b0f066a214c2f5e87bad3c948f4d605d) (ScriptedImporter) -> (artifact id: '3b1138ca90ce48e8859bc60ce1c195c6') in 0.03215 seconds
Number of updated asset objects reloaded before import = 0Number of asset objects unloaded after import = 1

========================================================================
Received Import Request.
  Time since last request: 6.303634 seconds.
  path: Assets/3D Laboratory Environment with Appratus/Materials/Laboratory03_Other_01_BaseMap.mat
  artifactKey: Guid(a0b376915f4283c4e9db27aa35394b89) Importer(815301076,1909f56bfc062723c751e8b465ee728b)
Start importing Assets/3D Laboratory Environment with Appratus/Materials/Laboratory03_Other_01_BaseMap.mat using Guid(a0b376915f4283c4e9db27aa35394b89) Importer(815301076,1909f56bfc062723c751e8b465ee728b) (PreviewImporter) -> (artifact id: 'd6514ca11a8fdeb1052422e0be97c582') in 0.4913007 seconds
Number of updated asset objects reloaded before import = 0Number of asset objects unloaded after import = 4

========================================================================
Received Import Request.
  Time since last request: 0.000028 seconds.
  path: Assets/3D Laboratory Environment with Appratus/Materials/water.mat
  artifactKey: Guid(7edb3177958782c49aa980429ae5fbf4) Importer(815301076,1909f56bfc062723c751e8b465ee728b)
Start importing Assets/3D Laboratory Environment with Appratus/Materials/water.mat using Guid(7edb3177958782c49aa980429ae5fbf4) Importer(815301076,1909f56bfc062723c751e8b465ee728b) (PreviewImporter) -> (artifact id: '84556a6559251a245d3ddffcf4110dcc') in 0.3832764 seconds
Number of updated asset objects reloaded before import = 0Number of asset objects unloaded after import = 1

========================================================================
Received Import Request.
  Time since last request: 0.000027 seconds.
  path: Assets/3D Laboratory Environment with Appratus/Materials/Liquid 1.mat
  artifactKey: Guid(d987ec024d9a90d4c8deb0ba94e48b99) Importer(815301076,1909f56bfc062723c751e8b465ee728b)
Start importing Assets/3D Laboratory Environment with Appratus/Materials/Liquid 1.mat using Guid(d987ec024d9a90d4c8deb0ba94e48b99) Importer(815301076,1909f56bfc062723c751e8b465ee728b) (PreviewImporter) -> (artifact id: '3c0f44ab1e1c11a8c6ee61c84d868812') in 0.285446 seconds
Number of updated asset objects reloaded before import = 0Number of asset objects unloaded after import = 1

========================================================================
Received Import Request.
  Time since last request: 1.637574 seconds.
  path: Assets/3D Laboratory Environment with Appratus/Models/Boiling_Liquid_Stand.fbx
  artifactKey: Guid(887d8e7178c222845a83551a7df89107) Importer(815301076,1909f56bfc062723c751e8b465ee728b)
Start importing Assets/3D Laboratory Environment with Appratus/Models/Boiling_Liquid_Stand.fbx using Guid(887d8e7178c222845a83551a7df89107) Importer(815301076,1909f56bfc062723c751e8b465ee728b) (PreviewImporter) -> (artifact id: 'e9eacf42e8315e34b54055703a7f18ec') in 0.1678718 seconds
Number of updated asset objects reloaded before import = 0Number of asset objects unloaded after import = 69

========================================================================
Received Import Request.
  Time since last request: 0.000023 seconds.
  path: Assets/3D Laboratory Environment with Appratus/Models/glass_funnel.fbx
  artifactKey: Guid(98b82dfb9bbe8a04ca7f7f1980e08f8c) Importer(815301076,1909f56bfc062723c751e8b465ee728b)
Start importing Assets/3D Laboratory Environment with Appratus/Models/glass_funnel.fbx using Guid(98b82dfb9bbe8a04ca7f7f1980e08f8c) Importer(815301076,1909f56bfc062723c751e8b465ee728b) (PreviewImporter) -> (artifact id: 'bc6a88aa75897d807274e653e82d4f0f') in 0.2492855 seconds
Number of updated asset objects reloaded before import = 0Number of asset objects unloaded after import = 10

========================================================================
Received Import Request.
  Time since last request: 0.000071 seconds.
  path: Assets/3D Laboratory Environment with Appratus/Models/Box02.fbx
  artifactKey: Guid(da8d6c6ca953aa24a924db0a93d368ec) Importer(815301076,1909f56bfc062723c751e8b465ee728b)
Start importing Assets/3D Laboratory Environment with Appratus/Models/Box02.fbx using Guid(da8d6c6ca953aa24a924db0a93d368ec) Importer(815301076,1909f56bfc062723c751e8b465ee728b) (PreviewImporter) -> (artifact id: '65cb93dd4ea16f80f19a08e5eab6e020') in 0.0264817 seconds
Number of updated asset objects reloaded before import = 0Number of asset objects unloaded after import = 9

========================================================================
Received Import Request.
  Time since last request: 0.000017 seconds.
  path: Assets/3D Laboratory Environment with Appratus/Models/Crucible_Tongs.fbx
  artifactKey: Guid(467bcd725f0c5c44d834baf480c0729c) Importer(815301076,1909f56bfc062723c751e8b465ee728b)
Start importing Assets/3D Laboratory Environment with Appratus/Models/Crucible_Tongs.fbx using Guid(467bcd725f0c5c44d834baf480c0729c) Importer(815301076,1909f56bfc062723c751e8b465ee728b) (PreviewImporter) -> (artifact id: 'f97a34804b3dd5bc42b2275cc2f8026f') in 0.0803824 seconds
Number of updated asset objects reloaded before import = 0Number of asset objects unloaded after import = 24

========================================================================
Received Import Request.
  Time since last request: 0.000018 seconds.
  path: Assets/3D Laboratory Environment with Appratus/Models/table with drawers.fbx
  artifactKey: Guid(e3ab3270e0b468645b43506e835e51c6) Importer(815301076,1909f56bfc062723c751e8b465ee728b)
Start importing Assets/3D Laboratory Environment with Appratus/Models/table with drawers.fbx using Guid(e3ab3270e0b468645b43506e835e51c6) Importer(815301076,1909f56bfc062723c751e8b465ee728b) (PreviewImporter) -> (artifact id: 'c41bb364f5b0afcd1c997f969ebdfd77') in 0.0942186 seconds
Number of updated asset objects reloaded before import = 0Number of asset objects unloaded after import = 33

========================================================================
Received Import Request.
  Time since last request: 0.000021 seconds.
  path: Assets/3D Laboratory Environment with Appratus/Models/florence_flask.fbx
  artifactKey: Guid(fb0b01455e191c24b87848c181088517) Importer(815301076,1909f56bfc062723c751e8b465ee728b)
Start importing Assets/3D Laboratory Environment with Appratus/Models/florence_flask.fbx using Guid(fb0b01455e191c24b87848c181088517) Importer(815301076,1909f56bfc062723c751e8b465ee728b) (PreviewImporter) -> (artifact id: '376e8be054c33a9335f880a929dd2160') in 0.0274998 seconds
Number of updated asset objects reloaded before import = 0Number of asset objects unloaded after import = 10

========================================================================
Received Import Request.
  Time since last request: 0.000021 seconds.
  path: Assets/3D Laboratory Environment with Appratus/Models/roof.fbx
  artifactKey: Guid(99c079541e57ab042b54c9607050eb24) Importer(815301076,1909f56bfc062723c751e8b465ee728b)
Start importing Assets/3D Laboratory Environment with Appratus/Models/roof.fbx using Guid(99c079541e57ab042b54c9607050eb24) Importer(815301076,1909f56bfc062723c751e8b465ee728b) (PreviewImporter) -> (artifact id: 'bfb77c4ec3bda97f8c63c118291c0441') in 0.0311518 seconds
Number of updated asset objects reloaded before import = 0Number of asset objects unloaded after import = 9

========================================================================
Received Import Request.
  Time since last request: 0.000024 seconds.
  path: Assets/3D Laboratory Environment with Appratus/Models/Test_tube_rack.fbx
  artifactKey: Guid(6a6487b4b31c5b44db6e658d47143b49) Importer(815301076,1909f56bfc062723c751e8b465ee728b)
Start importing Assets/3D Laboratory Environment with Appratus/Models/Test_tube_rack.fbx using Guid(6a6487b4b31c5b44db6e658d47143b49) Importer(815301076,1909f56bfc062723c751e8b465ee728b) (PreviewImporter) -> (artifact id: '8ab4c138dfc408c60bcfdd38386ed600') in 0.0316541 seconds
Number of updated asset objects reloaded before import = 0Number of asset objects unloaded after import = 10

========================================================================
Received Import Request.
  Time since last request: 0.000019 seconds.
  path: Assets/3D Laboratory Environment with Appratus/Models/shelf.fbx
  artifactKey: Guid(fcb5eb169ed525d47b77a0dc026351d4) Importer(815301076,1909f56bfc062723c751e8b465ee728b)
Start importing Assets/3D Laboratory Environment with Appratus/Models/shelf.fbx using Guid(fcb5eb169ed525d47b77a0dc026351d4) Importer(815301076,1909f56bfc062723c751e8b465ee728b) (PreviewImporter) -> (artifact id: '8eb61ac05daf34c0e1ccff6d9732b014') in 0.0209487 seconds
Number of updated asset objects reloaded before import = 0Number of asset objects unloaded after import = 11

========================================================================
Received Import Request.
  Time since last request: 0.000028 seconds.
  path: Assets/3D Laboratory Environment with Appratus/Models/china dish.fbx
  artifactKey: Guid(f0ab5f518a39b5e40a973ef5bbb25921) Importer(815301076,1909f56bfc062723c751e8b465ee728b)
Start importing Assets/3D Laboratory Environment with Appratus/Models/china dish.fbx using Guid(f0ab5f518a39b5e40a973ef5bbb25921) Importer(815301076,1909f56bfc062723c751e8b465ee728b) (PreviewImporter) -> (artifact id: '4b34542573d64b188b8d25539401884b') in 0.0293853 seconds
Number of updated asset objects reloaded before import = 0Number of asset objects unloaded after import = 11

========================================================================
Received Import Request.
  Time since last request: 0.000021 seconds.
  path: Assets/3D Laboratory Environment with Appratus/Models/chair.fbx
  artifactKey: Guid(54b30e10a2f11c3418ddc68df8c1860e) Importer(815301076,1909f56bfc062723c751e8b465ee728b)
Start importing Assets/3D Laboratory Environment with Appratus/Models/chair.fbx using Guid(54b30e10a2f11c3418ddc68df8c1860e) Importer(815301076,1909f56bfc062723c751e8b465ee728b) (PreviewImporter) -> (artifact id: '2e78b1741c7ff1d9bff8a5e46007a65b') in 0.1350555 seconds
Number of updated asset objects reloaded before import = 0Number of asset objects unloaded after import = 66

========================================================================
Received Import Request.
  Time since last request: 0.000022 seconds.
  path: Assets/3D Laboratory Environment with Appratus/Models/tap.fbx
  artifactKey: Guid(22414f031bf71f84d829c83c7b649088) Importer(815301076,1909f56bfc062723c751e8b465ee728b)
Start importing Assets/3D Laboratory Environment with Appratus/Models/tap.fbx using Guid(22414f031bf71f84d829c83c7b649088) Importer(815301076,1909f56bfc062723c751e8b465ee728b) (PreviewImporter) -> (artifact id: '337ebb09d367de6ab149087e695238cc') in 0.0973599 seconds
Number of updated asset objects reloaded before import = 0Number of asset objects unloaded after import = 23

========================================================================
Received Import Request.
  Time since last request: 0.000036 seconds.
  path: Assets/3D Laboratory Environment with Appratus/Models/drawer handle.fbx
  artifactKey: Guid(760634872ac8e0545aea25d92fb64cf4) Importer(815301076,1909f56bfc062723c751e8b465ee728b)
Start importing Assets/3D Laboratory Environment with Appratus/Models/drawer handle.fbx using Guid(760634872ac8e0545aea25d92fb64cf4) Importer(815301076,1909f56bfc062723c751e8b465ee728b) (PreviewImporter) -> (artifact id: '646ef80a3783d4495c05950ee5456e51') in 0.0232026 seconds
Number of updated asset objects reloaded before import = 0Number of asset objects unloaded after import = 11

========================================================================
Received Import Request.
  Time since last request: 0.000023 seconds.
  path: Assets/3D Laboratory Environment with Appratus/Models/glass_frame.fbx
  artifactKey: Guid(ab7854530851feb48985ee4033c7b550) Importer(815301076,1909f56bfc062723c751e8b465ee728b)
Start importing Assets/3D Laboratory Environment with Appratus/Models/glass_frame.fbx using Guid(ab7854530851feb48985ee4033c7b550) Importer(815301076,1909f56bfc062723c751e8b465ee728b) (PreviewImporter) -> (artifact id: '49efb6a7ac2e42d5433ba16034f0604d') in 0.0286471 seconds
Number of updated asset objects reloaded before import = 0Number of asset objects unloaded after import = 11

========================================================================
Received Import Request.
  Time since last request: 8.397101 seconds.
  path: Assets/3D Laboratory Environment with Appratus/Prefabs/Beaker water.prefab
  artifactKey: Guid(24c728c68968f6447b856666f27564a5) Importer(815301076,1909f56bfc062723c751e8b465ee728b)
Start importing Assets/3D Laboratory Environment with Appratus/Prefabs/Beaker water.prefab using Guid(24c728c68968f6447b856666f27564a5) Importer(815301076,1909f56bfc062723c751e8b465ee728b) (PreviewImporter) -> (artifact id: 'a856978b16a5891cdb446a203504fe10') in 0.0233517 seconds
Number of updated asset objects reloaded before import = 0Number of asset objects unloaded after import = 25

========================================================================
Received Import Request.
  Time since last request: 0.000021 seconds.
  path: Assets/3D Laboratory Environment with Appratus/Prefabs/Box.prefab
  artifactKey: Guid(39cc7f30cb7643c4788fafb36317e6f0) Importer(815301076,1909f56bfc062723c751e8b465ee728b)
Start importing Assets/3D Laboratory Environment with Appratus/Prefabs/Box.prefab using Guid(39cc7f30cb7643c4788fafb36317e6f0) Importer(815301076,1909f56bfc062723c751e8b465ee728b) (PreviewImporter) -> (artifact id: '6574773ab6488741137285cf2884b67f') in 0.0243932 seconds
Number of updated asset objects reloaded before import = 0Number of asset objects unloaded after import = 24

========================================================================
Received Import Request.
  Time since last request: 0.000018 seconds.
  path: Assets/3D Laboratory Environment with Appratus/Prefabs/Erlenmeyer_flask water.prefab
  artifactKey: Guid(f0aa1c925210d3e478b7bbdba5252af4) Importer(815301076,1909f56bfc062723c751e8b465ee728b)
Start importing Assets/3D Laboratory Environment with Appratus/Prefabs/Erlenmeyer_flask water.prefab using Guid(f0aa1c925210d3e478b7bbdba5252af4) Importer(815301076,1909f56bfc062723c751e8b465ee728b) (PreviewImporter) -> (artifact id: '030e62f53a65428d659421d567bfdb86') in 0.0218318 seconds
Number of updated asset objects reloaded before import = 0Number of asset objects unloaded after import = 8

========================================================================
Received Import Request.
  Time since last request: 0.000024 seconds.
  path: Assets/3D Laboratory Environment with Appratus/Prefabs/glass_frame.prefab
  artifactKey: Guid(aab47d642ec9fd94ab69459ad6deedb1) Importer(815301076,1909f56bfc062723c751e8b465ee728b)
Start importing Assets/3D Laboratory Environment with Appratus/Prefabs/glass_frame.prefab using Guid(aab47d642ec9fd94ab69459ad6deedb1) Importer(815301076,1909f56bfc062723c751e8b465ee728b) (PreviewImporter) -> (artifact id: '8dfb4f357d64424df5181f6d20afd8b7') in 0.0257283 seconds
Number of updated asset objects reloaded before import = 0Number of asset objects unloaded after import = 12

========================================================================
Received Import Request.
  Time since last request: 0.000070 seconds.
  path: Assets/3D Laboratory Environment with Appratus/Prefabs/Crucible_Tongs.prefab
  artifactKey: Guid(d3d7e60fc48e62749a9025c6f1aa5fd0) Importer(815301076,1909f56bfc062723c751e8b465ee728b)
Start importing Assets/3D Laboratory Environment with Appratus/Prefabs/Crucible_Tongs.prefab using Guid(d3d7e60fc48e62749a9025c6f1aa5fd0) Importer(815301076,1909f56bfc062723c751e8b465ee728b) (PreviewImporter) -> (artifact id: '2f34571946d82df113bd8f0e5aff5ffb') in 0.0294026 seconds
Number of updated asset objects reloaded before import = 0Number of asset objects unloaded after import = 25

========================================================================
Received Import Request.
  Time since last request: 0.000023 seconds.
  path: Assets/3D Laboratory Environment with Appratus/Prefabs/pillar.prefab
  artifactKey: Guid(60c0a2b3e3b0b41429758d604a4bac5c) Importer(815301076,1909f56bfc062723c751e8b465ee728b)
Start importing Assets/3D Laboratory Environment with Appratus/Prefabs/pillar.prefab using Guid(60c0a2b3e3b0b41429758d604a4bac5c) Importer(815301076,1909f56bfc062723c751e8b465ee728b) (PreviewImporter) -> (artifact id: '9e870be3df4fed2fe3ccbf438a10f095') in 0.0257018 seconds
Number of updated asset objects reloaded before import = 0Number of asset objects unloaded after import = 12

========================================================================
Received Import Request.
  Time since last request: 0.000022 seconds.
  path: Assets/3D Laboratory Environment with Appratus/Prefabs/glass.prefab
  artifactKey: Guid(0464c51f3e579bd4ca5150116cebfe97) Importer(815301076,1909f56bfc062723c751e8b465ee728b)
Start importing Assets/3D Laboratory Environment with Appratus/Prefabs/glass.prefab using Guid(0464c51f3e579bd4ca5150116cebfe97) Importer(815301076,1909f56bfc062723c751e8b465ee728b) (PreviewImporter) -> (artifact id: 'e30f4b1e08ad56c0fca5319e5296531e') in 0.2321307 seconds
Number of updated asset objects reloaded before import = 0Number of asset objects unloaded after import = 15

========================================================================
Received Import Request.
  Time since last request: 0.000028 seconds.
  path: Assets/3D Laboratory Environment with Appratus/Prefabs/florence_flask water.prefab
  artifactKey: Guid(b23404ba7c29bc249b69b2cc6f6d6b36) Importer(815301076,1909f56bfc062723c751e8b465ee728b)
Start importing Assets/3D Laboratory Environment with Appratus/Prefabs/florence_flask water.prefab using Guid(b23404ba7c29bc249b69b2cc6f6d6b36) Importer(815301076,1909f56bfc062723c751e8b465ee728b) (PreviewImporter) -> (artifact id: '3a6e172c8fe42a6d3af6fca4adfe0fb0') in 0.0214355 seconds
Number of updated asset objects reloaded before import = 0Number of asset objects unloaded after import = 8

========================================================================
Received Import Request.
  Time since last request: 0.000036 seconds.
  path: Assets/3D Laboratory Environment with Appratus/Prefabs/Erlenmeyer_flask with water.prefab
  artifactKey: Guid(82efbd6f209a6ab4c8e561fcd37a4810) Importer(815301076,1909f56bfc062723c751e8b465ee728b)
Start importing Assets/3D Laboratory Environment with Appratus/Prefabs/Erlenmeyer_flask with water.prefab using Guid(82efbd6f209a6ab4c8e561fcd37a4810) Importer(815301076,1909f56bfc062723c751e8b465ee728b) (PreviewImporter) -> (artifact id: '553f7379669c43ac3e9be1198f648e59') in 0.0205279 seconds
Number of updated asset objects reloaded before import = 0Number of asset objects unloaded after import = 25

========================================================================
Received Import Request.
  Time since last request: 0.000028 seconds.
  path: Assets/3D Laboratory Environment with Appratus/Prefabs/Graduated_Cylinder with liquid.prefab
  artifactKey: Guid(1facb00fc6b330b4590ed152a3aadcd3) Importer(815301076,1909f56bfc062723c751e8b465ee728b)
Start importing Assets/3D Laboratory Environment with Appratus/Prefabs/Graduated_Cylinder with liquid.prefab using Guid(1facb00fc6b330b4590ed152a3aadcd3) Importer(815301076,1909f56bfc062723c751e8b465ee728b) (PreviewImporter) -> (artifact id: 'e937b82c231bd71b05e13f7524491d22') in 0.0278417 seconds
Number of updated asset objects reloaded before import = 0Number of asset objects unloaded after import = 25

========================================================================
Received Import Request.
  Time since last request: 70.000655 seconds.
  path: Assets/3D Laboratory Environment with Appratus/Textures/Laboratory03_Floor_MaskMap.png
  artifactKey: Guid(6932af5907d8e8341ac1b1eeae8b9736) Importer(815301076,1909f56bfc062723c751e8b465ee728b)
Start importing Assets/3D Laboratory Environment with Appratus/Textures/Laboratory03_Floor_MaskMap.png using Guid(6932af5907d8e8341ac1b1eeae8b9736) Importer(815301076,1909f56bfc062723c751e8b465ee728b) (PreviewImporter) -> (artifact id: 'b4cac4e23be4f5c7656ab4c5793d80b6') in 0.0292693 seconds
Number of updated asset objects reloaded before import = 0Number of asset objects unloaded after import = 2

========================================================================
Received Import Request.
  Time since last request: 0.000021 seconds.
  path: Assets/3D Laboratory Environment with Appratus/Textures/Laboratory03_Wood_Normal.png
  artifactKey: Guid(ec38f2389f44c6d4ba00cfe894a86e5f) Importer(815301076,1909f56bfc062723c751e8b465ee728b)
Start importing Assets/3D Laboratory Environment with Appratus/Textures/Laboratory03_Wood_Normal.png using Guid(ec38f2389f44c6d4ba00cfe894a86e5f) Importer(815301076,1909f56bfc062723c751e8b465ee728b) (PreviewImporter) -> (artifact id: '2e575ad00a23124006248725f190667b') in 0.1087951 seconds
Number of updated asset objects reloaded before import = 0Number of asset objects unloaded after import = 2

========================================================================
Received Import Request.
  Time since last request: 0.000168 seconds.
  path: Assets/3D Laboratory Environment with Appratus/Textures/roof and blub_other02_Normal.png
  artifactKey: Guid(2ddb50fc710ac8c488e8a8b386d22332) Importer(815301076,1909f56bfc062723c751e8b465ee728b)
Start importing Assets/3D Laboratory Environment with Appratus/Textures/roof and blub_other02_Normal.png using Guid(2ddb50fc710ac8c488e8a8b386d22332) Importer(815301076,1909f56bfc062723c751e8b465ee728b) (PreviewImporter) -> (artifact id: '3117bf8ab5d70b3fc355d82e52693795') in 0.0577787 seconds
Number of updated asset objects reloaded before import = 0Number of asset objects unloaded after import = 2

========================================================================
Received Import Request.
  Time since last request: 0.000033 seconds.
  path: Assets/3D Laboratory Environment with Appratus/Textures/Laboratory03_Wood_MaskMap.png
  artifactKey: Guid(bd7a934d1a53db04caef7a80fad2d68f) Importer(815301076,1909f56bfc062723c751e8b465ee728b)
Start importing Assets/3D Laboratory Environment with Appratus/Textures/Laboratory03_Wood_MaskMap.png using Guid(bd7a934d1a53db04caef7a80fad2d68f) Importer(815301076,1909f56bfc062723c751e8b465ee728b) (PreviewImporter) -> (artifact id: 'ee51e90305f5a9b4cda24adcc63259f0') in 0.0085553 seconds
Number of updated asset objects reloaded before import = 0Number of asset objects unloaded after import = 2

========================================================================
Received Import Request.
  Time since last request: 0.000025 seconds.
  path: Assets/3D Laboratory Environment with Appratus/Textures/Laboratory03_Other_01_Normal.png
  artifactKey: Guid(6ed960c61e48dd34a8ca3a3b96aa57c2) Importer(815301076,1909f56bfc062723c751e8b465ee728b)
Start importing Assets/3D Laboratory Environment with Appratus/Textures/Laboratory03_Other_01_Normal.png using Guid(6ed960c61e48dd34a8ca3a3b96aa57c2) Importer(815301076,1909f56bfc062723c751e8b465ee728b) (PreviewImporter) -> (artifact id: 'a9b7ce4e94a1a73eb2f62d274c27d1d5') in 0.0555992 seconds
Number of updated asset objects reloaded before import = 0Number of asset objects unloaded after import = 2

========================================================================
Received Import Request.
  Time since last request: 0.000023 seconds.
  path: Assets/3D Laboratory Environment with Appratus/Textures/roof and blub_other02_BaseMap.png
  artifactKey: Guid(ee427fb8846523d4bb557c8cb53e5ca0) Importer(815301076,1909f56bfc062723c751e8b465ee728b)
Start importing Assets/3D Laboratory Environment with Appratus/Textures/roof and blub_other02_BaseMap.png using Guid(ee427fb8846523d4bb557c8cb53e5ca0) Importer(815301076,1909f56bfc062723c751e8b465ee728b) (PreviewImporter) -> (artifact id: 'c1baab7299e1395b06fe9852355917c5') in 0.0216162 seconds
Number of updated asset objects reloaded before import = 0Number of asset objects unloaded after import = 2

========================================================================
Received Import Request.
  Time since last request: 0.000018 seconds.
  path: Assets/3D Laboratory Environment with Appratus/Textures/Laboratory03_Other_01_BaseMap.png
  artifactKey: Guid(7caa9768d618d674893979c47d8b7233) Importer(815301076,1909f56bfc062723c751e8b465ee728b)
Start importing Assets/3D Laboratory Environment with Appratus/Textures/Laboratory03_Other_01_BaseMap.png using Guid(7caa9768d618d674893979c47d8b7233) Importer(815301076,1909f56bfc062723c751e8b465ee728b) (PreviewImporter) -> (artifact id: '705f4a4f624d4b959f647bb322dc5cbc') in 0.0345757 seconds
Number of updated asset objects reloaded before import = 0Number of asset objects unloaded after import = 2

========================================================================
Received Import Request.
  Time since last request: 0.000023 seconds.
  path: Assets/3D Laboratory Environment with Appratus/Textures/Laboratory03_Glass_BaseMap.png
  artifactKey: Guid(2d6ad0ad372d9d340bef9b458885d042) Importer(815301076,1909f56bfc062723c751e8b465ee728b)
Start importing Assets/3D Laboratory Environment with Appratus/Textures/Laboratory03_Glass_BaseMap.png using Guid(2d6ad0ad372d9d340bef9b458885d042) Importer(815301076,1909f56bfc062723c751e8b465ee728b) (PreviewImporter) -> (artifact id: '54ecb4c8a3b5c07dec578e61178509da') in 0.0583021 seconds
Number of updated asset objects reloaded before import = 0Number of asset objects unloaded after import = 2

========================================================================
Received Import Request.
  Time since last request: 0.000037 seconds.
  path: Assets/3D Laboratory Environment with Appratus/Textures/roof and blub_other02_MaskMap.png
  artifactKey: Guid(c8e5653f10268d646b23c03a4df860d1) Importer(815301076,1909f56bfc062723c751e8b465ee728b)
Start importing Assets/3D Laboratory Environment with Appratus/Textures/roof and blub_other02_MaskMap.png using Guid(c8e5653f10268d646b23c03a4df860d1) Importer(815301076,1909f56bfc062723c751e8b465ee728b) (PreviewImporter) -> (artifact id: '41e89f6bfa1570c58d6f10284054ee0f') in 0.05843 seconds
Number of updated asset objects reloaded before import = 0Number of asset objects unloaded after import = 2

========================================================================
Received Import Request.
  Time since last request: 60.704654 seconds.
  path: Assets/3D Laboratory Environment with Appratus/Scenes/Laboratory Scene.unity
  artifactKey: Guid(9fc0d4010bbf28b4594072e72b8655ab) Importer(2089858483,b0f066a214c2f5e87bad3c948f4d605d)
Start importing Assets/3D Laboratory Environment with Appratus/Scenes/Laboratory Scene.unity using Guid(9fc0d4010bbf28b4594072e72b8655ab) Importer(2089858483,b0f066a214c2f5e87bad3c948f4d605d) (ScriptedImporter) -> (artifact id: '685fff055ab9623ce1179a15a74ceabd') in 0.0199357 seconds
Number of updated asset objects reloaded before import = 0Number of asset objects unloaded after import = 1

========================================================================
Received Prepare
Begin MonoManager ReloadAssembly
[Licensing::Client] Successfully resolved entitlement details
[Licensing::Module] License group:
  Id: F4-9NXS-JD5S-KC4M-T822-XXXX
  Product: Unity Personal
  Type: ULF
  Expiration: 2026-06-24T07:25:06Z
[Licensing::Module] License group:
  Id: 13469920211157-UnityPersXXXX
  Product: Unity Personal
  Type: Assigned
  Expiration: Unlimited
- Loaded All Assemblies, in  0.419 seconds
Refreshing native plugins compatible for Editor in 0.00 ms, found 0 plugins.
Assertion failed on expression: 'pred(*previous, *i)'
Assertion failed on expression: 'pred(*previous, *i)'
Assertion failed on expression: 'pred(*previous, *i)'
Assertion failed on expression: 'pred(*previous, *i)'
Assertion failed on expression: 'pred(*previous, *i)'
Assertion failed on expression: 'pred(*previous, *i)'
Assertion failed on expression: 'pred(*previous, *i)'
Assertion failed on expression: 'pred(*previous, *i)'
Assertion failed on expression: 'pred(*previous, *i)'
Assertion failed on expression: 'pred(*previous, *i)'
Assertion failed on expression: 'pred(*previous, *i)'
Assertion failed on expression: 'pred(*previous, *i)'
Assertion failed on expression: 'pred(*previous, *i)'
Assertion failed on expression: 'pred(*previous, *i)'
Assertion failed on expression: 'pred(*previous, *i)'
Assertion failed on expression: 'pred(*previous, *i)'
Assertion failed on expression: 'pred(*previous, *i)'
Assertion failed on expression: 'pred(*previous, *i)'
Assertion failed on expression: 'pred(*previous, *i)'
Assertion failed on expression: 'pred(*previous, *i)'
Assertion failed on expression: 'pred(*previous, *i)'
Assertion failed on expression: 'pred(*previous, *i)'
Native extension for WindowsStandalone target not found
ScheduleIndexationOnStartup MainProcess:False IndexOnStartup:True
Mono: successfully reloaded assembly
- Finished resetting the current domain, in  1.427 seconds
Domain Reload Profiling: 1846ms
	BeginReloadAssembly (288ms)
		ExecutionOrderSort (0ms)
		DisableScriptedObjects (9ms)
		BackupInstance (0ms)
		ReleaseScriptingObjects (0ms)
		CreateAndSetChildDomain (68ms)
	RebuildCommonClasses (77ms)
	RebuildNativeTypeToScriptingClass (18ms)
	initialDomainReloadingComplete (23ms)
	LoadAllAssembliesAndSetupDomain (13ms)
		LoadAssemblies (161ms)
		RebuildTransferFunctionScriptingTraits (0ms)
		AnalyzeDomain (9ms)
			TypeCache.Refresh (4ms)
				TypeCache.ScanAssembly (0ms)
			BuildScriptInfoCaches (3ms)
			ResolveRequiredComponents (0ms)
	FinalizeReload (1427ms)
		ReleaseScriptCaches (0ms)
		RebuildScriptCaches (0ms)
		SetupLoadedEditorAssemblies (1106ms)
			LogAssemblyErrors (0ms)
			InitializePlatformSupportModulesInManaged (2ms)
			SetLoadedEditorAssemblies (3ms)
			BeforeProcessingInitializeOnLoad (338ms)
			ProcessInitializeOnLoadAttributes (716ms)
			ProcessInitializeOnLoadMethodAttributes (45ms)
			AfterProcessingInitializeOnLoad (2ms)
			EditorAssembliesLoaded (0ms)
		ExecutionOrderSort2 (0ms)
		AwakeInstancesAfterBackupRestoration (9ms)
Refreshing native plugins compatible for Editor in 0.00 ms, found 0 plugins.
Preloading 0 native plugins for Editor in 0.00 ms.
Unloading 0 Unused Serialized files (Serialized files now loaded: 0)
Unloading 62 unused Assets / (1.1 KB). Loaded Objects now: 705.
Memory consumption went from 65.4 MB to 65.4 MB.
Total: 28.686800 ms (FindLiveObjects: 0.076900 ms CreateObjectMapping: 0.009600 ms MarkObjects: 28.557800 ms  DeleteObjects: 0.041600 ms)

Prepare: number of updated asset objects reloaded= 0
